<?xml version="1.0" encoding="UTF-8"?>
<!-- Generated by org.testng.reporters.JUnitXMLReporter -->
<testsuite hostname="Admin-PC" ignored="4" name="Test" tests="2" failures="0" timestamp="17 Jan 2019 06:49:53 GMT" time="67.066" errors="0">
  <testcase name="loginTest" time="23.538" classname="com.crm.qa.testcases.test.LoginTest"/>
  <testcase name="createNewContact" time="31.237" classname="com.crm.qa.testcases.test.ContactsTest"/>
  <testcase name="checkSortofViewOptionTest" time="0.0" classname="com.crm.qa.testcases.test.ContactsTest">
    <ignored/>
  </testcase> <!-- checkSortofViewOptionTest -->
  <testcase name="selectCheckedRecordOptionTest" time="0.0" classname="com.crm.qa.testcases.test.ContactsTest">
    <ignored/>
  </testcase> <!-- selectCheckedRecordOptionTest -->
  <testcase name="checkSortofCheckedRecordOptionTest" time="0.0" classname="com.crm.qa.testcases.test.ContactsTest">
    <ignored/>
  </testcase> <!-- checkSortofCheckedRecordOptionTest -->
  <testcase name="deleteCheckedRecordsTest" time="0.0" classname="com.crm.qa.testcases.test.ContactsTest">
    <ignored/>
  </testcase> <!-- deleteCheckedRecordsTest -->
</testsuite> <!-- Test -->
