<?xml version="1.0" encoding="UTF-8"?>
<!-- Generated by org.testng.reporters.JUnitXMLReporter -->
<testsuite hostname="Admin-PC" ignored="0" name="test2" tests="5" failures="1" timestamp="20 Feb 2019 04:00:56 GMT" time="206.6" errors="0">
  <testcase name="checkSortofCheckedRecordOptionTest" time="42.452" classname="com.crm.qa.testcases.test.ContactsTest">
    <failure type="java.lang.AssertionError" message="Dropdown values are not sorted expected [true] but found [false]">
      <![CDATA[java.lang.AssertionError: Dropdown values are not sorted expected [true] but found [false]
at com.crm.qa.testcases.test.ContactsTest.checkSortofCheckedRecordOptionTest(ContactsTest.java:50)
at java.util.concurrent.FutureTask.run(FutureTask.java:266)
at java.util.concurrent.ThreadPoolExecutor.runWorker(ThreadPoolExecutor.java:1149)
at java.util.concurrent.ThreadPoolExecutor$Worker.run(ThreadPoolExecutor.java:624)
at java.lang.Thread.run(Thread.java:748)
... Removed 19 stack frames]]>
    </failure>
  </testcase> <!-- checkSortofCheckedRecordOptionTest -->
  <testcase name="checkSortofViewOptionTest" time="34.139" classname="com.crm.qa.testcases.test.ContactsTest"/>
  <testcase name="createNewContact" time="26.215" classname="com.crm.qa.testcases.test.ContactsTest"/>
  <testcase name="deleteCheckedRecordsTest" time="30.47" classname="com.crm.qa.testcases.test.ContactsTest"/>
  <testcase name="selectCheckedRecordOptionTest" time="18.609" classname="com.crm.qa.testcases.test.ContactsTest"/>
</testsuite> <!-- test2 -->
